#
# There is insufficient memory for the Java Runtime Environment to continue.
# Native memory allocation (mmap) failed to map 67108864 bytes for Failed to commit area from 0x00000000fc000000 to 0x0000000100000000 of length 67108864.
# Possible reasons:
#   The system is out of physical RAM or swap space
#   The process is running with CompressedOops enabled, and the Java Heap may be blocking the growth of the native heap
# Possible solutions:
#   Reduce memory load on the system
#   Increase physical memory or swap space
#   Check if swap backing store is full
#   Decrease Java heap size (-Xmx/-Xms)
#   Decrease number of Java threads
#   Decrease Java thread stack sizes (-Xss)
#   Set larger code cache with -XX:ReservedCodeCacheSize=
# This output file may be truncated or incomplete.
#
#  Out of Memory Error (t:/workspace/open/src/hotspot/os/windows/os_windows.cpp:3274), pid=5292, tid=8136
#
# JRE version:  (11.0.5+10) (build )
# Java VM: Java HotSpot(TM) 64-Bit Server VM (11.0.5+10-LTS, mixed mode, aot, sharing, tiered, compressed oops, g1 gc, windows-amd64)
# No core dump will be written. Minidumps are not enabled by default on client versions of Windows
#

---------------  S U M M A R Y ------------

Command Line: -Xmx64m -Xms64m -Dorg.gradle.appname=gradlew org.gradle.wrapper.GradleWrapperMain app:installDebug -PreactNativeDevServerPort=8081

Host: Intel(R) Core(TM) i7-7500U CPU @ 2.70GHz, 4 cores, 7G,  Windows 10 , 64 bit Build 18362 (10.0.18362.329)
Time: Wed Oct 16 13:12:48 2019 E. Africa Standard Time elapsed time: 0 seconds (0d 0h 0m 0s)

---------------  T H R E A D  ---------------

Current thread (0x000001e8ce6b2800):  JavaThread "Unknown thread" [_thread_in_vm, id=8136, stack(0x00000069a4a00000,0x00000069a4b00000)]

Stack: [0x00000069a4a00000,0x00000069a4b00000]
Native frames: (J=compiled Java code, j=interpreted, Vv=VM code, C=native code)
V  [jvm.dll+0x63611a]
V  [jvm.dll+0x77426f]
V  [jvm.dll+0x77591a]
V  [jvm.dll+0x775fd3]
V  [jvm.dll+0x25e608]
V  [jvm.dll+0x6335ca]
V  [jvm.dll+0x627f85]
V  [jvm.dll+0x314ecc]
V  [jvm.dll+0x314d52]
V  [jvm.dll+0x31a5c6]
V  [jvm.dll+0x3666bf]
V  [jvm.dll+0x3660e0]
V  [jvm.dll+0x2f1c48]
V  [jvm.dll+0x2f2db6]
V  [jvm.dll+0x74d437]
V  [jvm.dll+0x74ebaf]
V  [jvm.dll+0x3734f9]
V  [jvm.dll+0x733ae9]
V  [jvm.dll+0x3e2e1d]
V  [jvm.dll+0x3e51e1]
C  [java.exe+0x3607]
C  [java.exe+0x178dc]
C  [KERNEL32.DLL+0x17bd4]
C  [ntdll.dll+0x6ced1]


---------------  P R O C E S S  ---------------

Threads class SMR info:
_java_thread_list=0x000001e8ce4c14d0, length=0, elements={
}

Java Threads: ( => current thread )

Other Threads:
  0x000001e8ce6c9800 GCTaskThread "GC Thread#0" [stack: 0x00000069a4b00000,0x00000069a4c00000] [id=1152]
  0x000001e8ce6d4000 ConcurrentGCThread "G1 Main Marker" [stack: 0x00000069a4c00000,0x00000069a4d00000] [id=12564]
  0x000001e8ce6d6000 ConcurrentGCThread "G1 Conc#0" [stack: 0x00000069a4d00000,0x00000069a4e00000] [id=11368]

[error occurred during error reporting (printing all threads), id 0xc0000005, EXCEPTION_ACCESS_VIOLATION (0xc0000005) at pc=0x00007fffbbbf0617]

VM state:not at safepoint (not fully initialized)

VM Mutex/Monitor currently owned by a thread:  ([mutex/lock_event])
[0x000001e8ce6afaf0] Heap_lock - owner thread: 0x000001e8ce6b2800

Heap address: 0x00000000fc000000, size: 64 MB, Compressed Oops mode: Non-zero based: 0x00000000fc000000
Narrow klass base: 0x0000000000000000, Narrow klass shift: 0

GC Heap History (0 events):
No events

Deoptimization events (0 events):
No events

Classes redefined (0 events):
No events

Internal exceptions (0 events):
No events

Events (0 events):
No events


Dynamic libraries:
0x00007ff6356c0000 - 0x00007ff635707000 	C:\Program Files\Java\jdk-11.0.5\bin\java.exe
0x00007ff82ebc0000 - 0x00007ff82edb0000 	C:\Windows\SYSTEM32\ntdll.dll
0x00007ff82ea10000 - 0x00007ff82eac2000 	C:\Windows\System32\KERNEL32.DLL
0x00007ff82c600000 - 0x00007ff82c8a3000 	C:\Windows\System32\KERNELBASE.dll
0x00007ff82ead0000 - 0x00007ff82eb73000 	C:\Windows\System32\ADVAPI32.dll
0x00007ff82ce30000 - 0x00007ff82cece000 	C:\Windows\System32\msvcrt.dll
0x00007ff82e3a0000 - 0x00007ff82e437000 	C:\Windows\System32\sechost.dll
0x00007ff82e440000 - 0x00007ff82e560000 	C:\Windows\System32\RPCRT4.dll
0x00007ff82e0a0000 - 0x00007ff82e234000 	C:\Windows\System32\USER32.dll
0x00007ff82c8e0000 - 0x00007ff82c901000 	C:\Windows\System32\win32u.dll
0x00007ff82e570000 - 0x00007ff82e596000 	C:\Windows\System32\GDI32.dll
0x00007ff82bc80000 - 0x00007ff82be14000 	C:\Windows\System32\gdi32full.dll
0x00007ff82ca10000 - 0x00007ff82caae000 	C:\Windows\System32\msvcp_win.dll
0x00007ff82c910000 - 0x00007ff82ca0a000 	C:\Windows\System32\ucrtbase.dll
0x00007ff813e70000 - 0x00007ff8140f5000 	C:\Windows\WinSxS\amd64_microsoft.windows.common-controls_6595b64144ccf1df_6.0.18362.418_none_e6c6b287130d565d\COMCTL32.dll
0x00007ff81ba50000 - 0x00007ff81ba5a000 	C:\Windows\SYSTEM32\VERSION.dll
0x00007ff82cf80000 - 0x00007ff82d2b6000 	C:\Windows\System32\combase.dll
0x00007ff82bc00000 - 0x00007ff82bc80000 	C:\Windows\System32\bcryptPrimitives.dll
0x00007ff82d7a0000 - 0x00007ff82d7ce000 	C:\Windows\System32\IMM32.DLL
0x00007ffffb040000 - 0x00007ffffb056000 	C:\Program Files\Java\jdk-11.0.5\bin\vcruntime140.dll
0x00007ffff2fd0000 - 0x00007ffff307a000 	C:\Program Files\Java\jdk-11.0.5\bin\msvcp140.dll
0x00007fffbb8f0000 - 0x00007fffbc418000 	C:\Program Files\Java\jdk-11.0.5\bin\server\jvm.dll
0x00007ff82e560000 - 0x00007ff82e568000 	C:\Windows\System32\PSAPI.DLL
0x00007ff825910000 - 0x00007ff825934000 	C:\Windows\SYSTEM32\WINMM.dll
0x00007ff805050000 - 0x00007ff805059000 	C:\Windows\SYSTEM32\WSOCK32.dll
0x00007ff82e9a0000 - 0x00007ff82ea0f000 	C:\Windows\System32\WS2_32.dll
0x00007ff8258e0000 - 0x00007ff82590d000 	C:\Windows\SYSTEM32\WINMMBASE.dll
0x00007ff82cad0000 - 0x00007ff82cb1a000 	C:\Windows\System32\cfgmgr32.dll
0x00007ff82baa0000 - 0x00007ff82bab1000 	C:\Windows\System32\kernel.appcore.dll
0x00007ffffb020000 - 0x00007ffffb031000 	C:\Program Files\Java\jdk-11.0.5\bin\verify.dll
0x00007ff8270f0000 - 0x00007ff8272e4000 	C:\Windows\SYSTEM32\DBGHELP.DLL
0x00007ff811a70000 - 0x00007ff811a9a000 	C:\Windows\SYSTEM32\dbgcore.DLL
0x00007ffffaff0000 - 0x00007ffffb019000 	C:\Program Files\Java\jdk-11.0.5\bin\java.dll
0x00007ffff9a80000 - 0x00007ffff9a96000 	C:\Program Files\Java\jdk-11.0.5\bin\zip.dll
0x00007ff810d70000 - 0x00007ff810d7a000 	C:\Program Files\Java\jdk-11.0.5\bin\jimage.dll

dbghelp: loaded successfully - version: 4.0.5 - missing functions: none
symbol engine: initialized successfully - sym options: 0x614 - pdb path: .;C:\Program Files\Java\jdk-11.0.5\bin;C:\Windows\SYSTEM32;C:\Windows\WinSxS\amd64_microsoft.windows.common-controls_6595b64144ccf1df_6.0.18362.418_none_e6c6b287130d565d;C:\Program Files\Java\jdk-11.0.5\bin\server

VM Arguments:
jvm_args: -Xmx64m -Xms64m -Dorg.gradle.appname=gradlew 
java_command: org.gradle.wrapper.GradleWrapperMain app:installDebug -PreactNativeDevServerPort=8081
java_class_path (initial): D:\Projects\bloomcare\bloomcare\android\\gradle\wrapper\gradle-wrapper.jar
Launcher Type: SUN_STANDARD

[Global flags]
     intx CICompilerCount                          = 3                                         {product} {ergonomic}
     uint ConcGCThreads                            = 1                                         {product} {ergonomic}
     uint G1ConcRefinementThreads                  = 4                                         {product} {ergonomic}
   size_t G1HeapRegionSize                         = 1048576                                   {product} {ergonomic}
    uintx GCDrainStackTargetSize                   = 64                                        {product} {ergonomic}
   size_t InitialHeapSize                          = 67108864                                  {product} {command line}
   size_t MarkStackSize                            = 4194304                                   {product} {ergonomic}
   size_t MaxHeapSize                              = 67108864                                  {product} {command line}
   size_t MinHeapDeltaBytes                        = 1048576                                   {product} {ergonomic}
    uintx NonNMethodCodeHeapSize                   = 5830732                                {pd product} {ergonomic}
    uintx NonProfiledCodeHeapSize                  = 122913754                              {pd product} {ergonomic}
    uintx ProfiledCodeHeapSize                     = 122913754                              {pd product} {ergonomic}
    uintx ReservedCodeCacheSize                    = 251658240                              {pd product} {ergonomic}
     bool SegmentedCodeCache                       = true                                      {product} {ergonomic}
     bool UseCompressedClassPointers               = true                                 {lp64_product} {ergonomic}
     bool UseCompressedOops                        = true                                 {lp64_product} {ergonomic}
     bool UseG1GC                                  = true                                      {product} {ergonomic}
     bool UseLargePagesIndividualAllocation        = false                                  {pd product} {ergonomic}

Logging:
Log output configuration:
 #0: stdout all=warning uptime,level,tags
 #1: stderr all=off uptime,level,tags

Environment Variables:
JAVA_HOME=C:\Program Files\Java\jdk-11.0.5
CLASSPATH=D:\Projects\bloomcare\bloomcare\android\\gradle\wrapper\gradle-wrapper.jar
PATH=C:\Program Files\Git\mingw64\bin;C:\Program Files\Git\usr\bin;C:\Users\KephaMarasi\bin;C:\Program Files (x86)\Intel\iCLS Client;C:\Program Files\Intel\iCLS Client;C:\Windows\system32;C:\Windows;C:\Windows\System32\Wbem;C:\Windows\System32\WindowsPowerShell\v1.0;C:\Program Files\Intel\WiFi\bin;C:\Program Files\Common Files\Intel\WirelessCommon;C:\Program Files (x86)\Intel\Intel(R) Management Engine Components\DAL;C:\Program Files\Intel\Intel(R) Management Engine Components\DAL;C:\Program Files (x86)\Intel\Intel(R) Management Engine Components\IPT;C:\Program Files\Intel\Intel(R) Management Engine Components\IPT;C:\Windows\System32\OpenSSH;C:\Program Files\nodejs;C:\Program Files\Git\cmd;C:\Users\KephaMarasi\AppData\Local\Microsoft\WindowsApps;C:\Users\KephaMarasi\AppData\Local\Programs\Microsoft VS Code\bin;C:\Users\KephaMarasi\AppData\Roaming\npm;C:\Users\KephaMarasi\AppData\Local\Android\Sdk\platform-tools
USERNAME=KephaMarasi
OS=Windows_NT
PROCESSOR_IDENTIFIER=Intel64 Family 6 Model 142 Stepping 9, GenuineIntel



---------------  S Y S T E M  ---------------

OS: Windows 10 , 64 bit Build 18362 (10.0.18362.329)

CPU:total 4 (initial active 4) (2 cores per cpu, 2 threads per core) family 6 model 142 stepping 9, cmov, cx8, fxsr, mmx, sse, sse2, sse3, ssse3, sse4.1, sse4.2, popcnt, avx, avx2, aes, clmul, erms, 3dnowpref, lzcnt, ht, tsc, tscinvbit, bmi1, bmi2, adx, fma

Memory: 4k page, system-wide physical 8087M (1318M free)
TotalPageFile size 12183M (AvailPageFile size 50M)
current process WorkingSet (physical memory assigned to process): 9M, peak: 9M
current process commit charge ("private bytes"): 51M, peak: 115M

vm_info: Java HotSpot(TM) 64-Bit Server VM (11.0.5+10-LTS) for windows-amd64 JRE (11.0.5+10-LTS), built on Oct  6 2019 12:37:14 by "mach5one" with MS VC++ 15.5 (VS2017)

END.
